{
  "RSpec": {
    "coverage": {
      "/opt/projects/gss20/gss-api/app/helpers/application_helper.rb": {
        "lines": [
          1,
          null
        ]
      },
      "/opt/projects/gss20/gss-api/app/controllers/api/v1/locations_controller.rb": {
        "lines": [
          1,
          1,
          1,
          1,
          1,
          null,
          1,
          null,
          1,
          null,
          null,
          null,
          null
        ]
      },
      "/opt/projects/gss20/gss-api/app/controllers/api/v1/base_controller.rb": {
        "lines": [
          null,
          null,
          1,
          1,
          1,
          1,
          null,
          1,
          0,
          null,
          null,
          1,
          null,
          1,
          null,
          0,
          null,
          null,
          null,
          null,
          null,
          null,
          null,
          null,
          1,
          0,
          null,
          null,
          null,
          null
        ]
      },
      "/opt/projects/gss20/gss-api/app/controllers/api/base_controller.rb": {
        "lines": [
          null,
          null,
          1,
          1,
          1,
          1,
          null,
          1,
          null,
          1,
          null,
          0,
          null,
          null,
          null,
          null,
          null,
          null,
          null,
          null,
          1,
          null,
          1,
          0,
          null,
          null,
          null,
          1,
          0,
          null,
          null,
          null,
          null
        ]
      },
      "/opt/projects/gss20/gss-api/app/controllers/concerns/json_api_headers.rb": {
        "lines": [
          null,
          null,
          1,
          1,
          null,
          1,
          1,
          null,
          null,
          1,
          null,
          1,
          10,
          null,
          null,
          1,
          10,
          0,
          10,
          0,
          null,
          null,
          null
        ]
      },
      "/opt/projects/gss20/gss-api/app/controllers/concerns/json_api_responses.rb": {
        "lines": [
          null,
          null,
          1,
          1,
          null,
          1,
          null,
          1,
          null,
          0,
          null,
          null,
          null,
          null,
          null,
          null,
          0,
          0,
          null,
          null,
          1,
          0,
          0,
          0,
          null,
          0,
          null,
          null
        ]
      },
      "/opt/projects/gss20/gss-api/app/serializers/location_serializer.rb": {
        "lines": [
          1,
          1,
          null,
          1,
          1,
          1,
          null,
          1,
          null
        ]
      },
      "/opt/projects/gss20/gss-api/app/serializers/gps_location_serializer.rb": {
        "lines": [
          1,
          1,
          null,
          1,
          null
        ]
      },
      "/opt/projects/gss20/gss-api/app/serializers/trivium_serializer.rb": {
        "lines": [
          1,
          1,
          null,
          1,
          null
        ]
      },
      "/opt/projects/gss20/gss-api/app/serializers/image_serializer.rb": {
        "lines": [
          1,
          1,
          null,
          1,
          null,
          1,
          0,
          0,
          null,
          null,
          null,
          null,
          null,
          null,
          1,
          0,
          0,
          null,
          null,
          null,
          null,
          null,
          null,
          1,
          0,
          0,
          null,
          null,
          null,
          null,
          null,
          null,
          1,
          0,
          0,
          null,
          null,
          null,
          null,
          null,
          null,
          1,
          0,
          0,
          null,
          null,
          null,
          null,
          null,
          null
        ]
      },
      "/opt/projects/gss20/gss-api/app/controllers/api/v1/sections_controller.rb": {
        "lines": [
          1,
          1,
          1,
          1,
          2,
          null,
          null,
          null,
          null,
          null,
          2,
          null,
          null,
          2,
          null,
          null,
          1,
          3,
          null,
          3,
          null,
          null,
          3,
          null,
          null,
          null,
          null
        ]
      },
      "/opt/projects/gss20/gss-api/app/serializers/section_serializer.rb": {
        "lines": [
          1,
          1,
          null,
          1,
          1,
          1,
          1,
          1,
          null,
          1,
          null,
          null
        ]
      },
      "/opt/projects/gss20/gss-api/app/serializers/subsection_serializer.rb": {
        "lines": [
          1,
          1,
          null,
          1,
          1,
          8,
          8,
          null,
          1,
          null,
          null,
          null
        ]
      },
      "/opt/projects/gss20/gss-api/app/serializers/utility_serializer.rb": {
        "lines": [
          1,
          1,
          null,
          1,
          1,
          1,
          null,
          1,
          null,
          1,
          1,
          0,
          null,
          null,
          null,
          null,
          null,
          null
        ]
      },
      "/opt/projects/gss20/gss-api/app/controllers/api/v1/subsections_controller.rb": {
        "lines": [
          1,
          1,
          1,
          1,
          3,
          null,
          3,
          null,
          null,
          null,
          3,
          null,
          null,
          null,
          null
        ]
      },
      "/opt/projects/gss20/gss-api/app/controllers/api/v1/utilities_controller.rb": {
        "lines": [
          1,
          1,
          1,
          1,
          1,
          null,
          1,
          null,
          null,
          1,
          null,
          null,
          null,
          null
        ]
      }
    },
    "timestamp": 1670241829
  }
}
